#
# Copyright (c) 2009 Nokia Corporation and/or its subsidiary(-ies).
# All rights reserved.
# This component and the accompanying materials are made available
# under the terms of "Eclipse Public License v1.0"
# which accompanies this distribution, and is available
# at the URL "http://www.eclipse.org/legal/epl-v10.html".
#
# Initial Contributors:
# Nokia Corporation - initial contribution.
#
# Contributors:
#
# Description: 
#

component           graphics_metadata
source   \sf\os\graphics\graphics_info\graphics_metadata 
source   \sf\os\graphics\package_definition.xml
source   \sf\os\graphics\package_definition_v2.xml
source   \sf\os\graphics\symtb.layers.sysdef.xml
source   \sf\os\graphics\distribution.policy.s60
notes_source      \component_defs\release.src
ipr T 
