#
# Copyright (c) 2009 Nokia Corporation and/or its subsidiary(-ies).
# All rights reserved.
# This component and the accompanying materials are made available
# under the terms of "Eclipse Public License v1.0"
# which accompanies this distribution, and is available
# at the URL "http://www.eclipse.org/legal/epl-v10.html".
#
# Initial Contributors:
# Nokia Corporation - initial contribution.
#
# Contributors:
#
# Description: 
#

component	graphics_gditools
source	\sf\os\graphics\graphicstools\gdi_tools
binary	\sf\os\graphics\graphicstools\gdi_tools\group	all
exports	\sf\os\graphics\graphicstools\gdi_tools\group
-export_file	\sf\os\graphics\graphicstools\gdi_tools\group\bmconv.ipr	\epoc32\engdoc\tools\bmconv.ipr
-export_file	\sf\os\graphics\graphicstools\gdi_tools\group\fontcomp.ipr	\epoc32\engdoc\tools\fontcomp.ipr

binary	\epoc32\release\tools2\rel\bmconv.exe
binary	\epoc32\release\tools\rel\fontcomp.exe

notes_source	\component_defs\release.src


ipr T 

