#
# Copyright (c) 2009 Nokia Corporation and/or its subsidiary(-ies).
# All rights reserved.
# This component and the accompanying materials are made available
# under the terms of "Eclipse Public License v1.0"
# which accompanies this distribution, and is available
# at the URL "http://www.eclipse.org/legal/epl-v10.html".
#
# Initial Contributors:
# Nokia Corporation - initial contribution.
#
# Contributors:
#
# Description: 
#

component	graphics_gdtran
source	\sf\os\graphics\graphicstools\bitmapfonttools
binary	\sf\os\graphics\graphicstools\bitmapfonttools\group	all
exports	\sf\os\graphics\graphicstools\bitmapfonttools\group
-export_file	\sf\os\graphics\graphicstools\bitmapfonttools\group\fnttran.ipr	\epoc32\engdoc\tools\fnttran.ipr
-export_file	\sf\os\graphics\graphicstools\bitmapfonttools\group\pdrtran.ipr	\epoc32\engdoc\tools\pdrtran.ipr

#MattD: Don't come out from: abld target -what
binary	\epoc32\release\tools\rel\pdrtran.exe
binary	\epoc32\release\tools\rel\pdrtran.exe.exp
binary	\epoc32\release\tools\rel\pdrtran.exe.lib

binary	\epoc32\release\tools\rel\fnttran.exe
binary	\epoc32\release\tools\rel\fnttran.exe.exp
binary	\epoc32\release\tools\rel\fnttran.exe.lib

notes_source	\component_defs\release.src


ipr T 

