#
# Copyright (c) 2009 Nokia Corporation and/or its subsidiary(-ies).
# All rights reserved.
# This component and the accompanying materials are made available
# under the terms of "Eclipse Public License v1.0"
# which accompanies this distribution, and is available
# at the URL "http://www.eclipse.org/legal/epl-v10.html".
#
# Initial Contributors:
# Nokia Corporation - initial contribution.
#
# Contributors:
#
# Description: 
#
#graphics_openvgheaders.mrp

component	graphics_openvgheaders

source	\sf\os\graphics\openvg\openvginterface

binary	\sf\os\graphics\openvg\openvginterface\group		all

exports	\sf\os\graphics\openvg\openvginterface\group

notes_source	\component_defs\release.src


ipr E 
ipr T  \sf\os\graphics\openvg\openvginterface\test
