#
# Copyright (c) 2009 Nokia Corporation and/or its subsidiary(-ies).
# All rights reserved.
# This component and the accompanying materials are made available
# under the terms of "Eclipse Public License v1.0"
# which accompanies this distribution, and is available
# at the URL "http://www.eclipse.org/legal/epl-v10.html".
#
# Initial Contributors:
# Nokia Corporation - initial contribution.
#
# Contributors:
#
# Description: 
#
#graphics_openglesheaders.mrp


component	graphics_openglesheaders

source	\sf\os\graphics\opengles\openglesinterface

binary	\sf\os\graphics\opengles\openglesinterface\group	all

exports	\sf\os\graphics\opengles\openglesinterface\group

notes_source	\component_defs\release.src



ipr E 
ipr T \sf\os\graphics\opengles\openglesinterface\test
